
 2023-01-18 06:16:00 | GET | All menus viewed
 2023-01-18 06:16:00 | POST | MenuOut:id=UUID('7118170a-9b01-4adf-8279-4dff798ea0c4') title='My menu 1' description='My menu description 1' submenus_count=0 dishes_count=0
 2023-01-18 06:16:01 | GET | All menus viewed
 2023-01-18 06:16:01 | GET | MenuOut: id=UUID('7118170a-9b01-4adf-8279-4dff798ea0c4') title='My menu 1' description='My menu description 1' submenus_count=0 dishes_count=0
 2023-01-18 06:16:01 | PATCH | MenuOut:id=UUID('7118170a-9b01-4adf-8279-4dff798ea0c4') title='My updated menu 1' description='My updated menu description 1' submenus_count=0 dishes_count=0
 2023-01-18 06:16:01 | GET | MenuOut: id=UUID('7118170a-9b01-4adf-8279-4dff798ea0c4') title='My updated menu 1' description='My updated menu description 1' submenus_count=0 dishes_count=0
 2023-01-18 06:16:01 | DELETE | Menu 7118170a-9b01-4adf-8279-4dff798ea0c4 has successfully deleted
 2023-01-18 06:16:01 | GET | All menus viewed
 2023-01-18 06:16:01 | POST | MenuOut:id=UUID('834bb545-046d-4e6e-9f0f-346809194363') title='My submenu 1' description='My submenu description 1' submenus_count=0 dishes_count=0
 2023-01-18 06:16:01 | GET | []
 2023-01-18 06:16:01 | POST | Submenu:<models.Submenu object at 0x000002AD10CB8130>
 2023-01-18 06:16:01 | GET | [SubmenuOut(id=UUID('032556db-1f0c-4e35-a9af-98647f504bf7'), title='My submenu 1', description='My submenu description 1', dishes_count=0)]
 2023-01-18 06:16:01 | GET | SubmenuOut:id=UUID('032556db-1f0c-4e35-a9af-98647f504bf7') title='My submenu 1' description='My submenu description 1' dishes_count=0
 2023-01-18 06:16:01 | PATCH | SubmenuOut:id=UUID('032556db-1f0c-4e35-a9af-98647f504bf7') title='My updated submenu 1' description='My updated submenu description 1' dishes_count=0
 2023-01-18 06:16:02 | GET | SubmenuOut:id=UUID('032556db-1f0c-4e35-a9af-98647f504bf7') title='My updated submenu 1' description='My updated submenu description 1' dishes_count=0
 2023-01-18 06:16:02 | DELETE | Submenu 032556db-1f0c-4e35-a9af-98647f504bf7 has successfully deleted from Menu 834bb545-046d-4e6e-9f0f-346809194363
 2023-01-18 06:16:02 | GET | []
 2023-01-18 06:16:02 | DELETE | Menu 834bb545-046d-4e6e-9f0f-346809194363 has successfully deleted
 2023-01-18 06:16:02 | GET | All menus viewed
 2023-01-18 06:16:02 | POST | MenuOut:id=UUID('e0ad0cd3-c7af-4834-8e62-41dda652ffeb') title='My menu 1' description='My menu description 1' submenus_count=0 dishes_count=0
 2023-01-18 06:16:02 | POST | Submenu:<models.Submenu object at 0x000002AD10CBA620>
 2023-01-18 06:16:02 | GET | []
 2023-01-18 06:16:02 | POST | DishOut:id=UUID('d58728f5-a943-4b07-9812-670802dd80e3') title='My dish 1' description='My dish description 1' price='12.50'
 2023-01-18 06:16:02 | GET | [<models.Dish object at 0x000002AD10CE9030>]
 2023-01-18 06:16:02 | GET | DishOut:id=UUID('d58728f5-a943-4b07-9812-670802dd80e3') title='My dish 1' description='My dish description 1' price='12.50'
 2023-01-18 06:16:03 | PATCH | DishOut:id=UUID('d58728f5-a943-4b07-9812-670802dd80e3') title='My updated dish 1' description='My updated dish description 1' price='14.50'
 2023-01-18 06:16:03 | GET | DishOut:id=UUID('d58728f5-a943-4b07-9812-670802dd80e3') title='My updated dish 1' description='My updated dish description 1' price='14.50'
 2023-01-18 06:16:03 | DELETE | Dish 468b8201-afa2-4435-bf2e-02a1177572ae has successfully deleted from Submenu 468b8201-afa2-4435-bf2e-02a1177572ae
 2023-01-18 06:16:03 | GET | []
 2023-01-18 06:16:03 | DELETE | Submenu 468b8201-afa2-4435-bf2e-02a1177572ae has successfully deleted from Menu e0ad0cd3-c7af-4834-8e62-41dda652ffeb
 2023-01-18 06:16:03 | GET | []
 2023-01-18 06:16:03 | DELETE | Menu e0ad0cd3-c7af-4834-8e62-41dda652ffeb has successfully deleted
 2023-01-18 06:16:03 | GET | All menus viewed
 2023-01-18 06:16:03 | POST | MenuOut:id=UUID('62ca83e4-5c27-4651-98d8-9465a71c4d63') title='My menu 1' description='My menu description 1' submenus_count=0 dishes_count=0
 2023-01-18 06:16:03 | POST | Submenu:<models.Submenu object at 0x000002AD10CEA4A0>
 2023-01-18 06:16:03 | POST | DishOut:id=UUID('e0702abe-9354-4990-a835-8e9145ad8ee5') title='My dish 2' description='My dish description 2' price='13.50'
 2023-01-18 06:16:04 | POST | DishOut:id=UUID('aace7094-a595-4def-8f71-d083b047a8aa') title='My dish 1' description='My dish description 1' price='12.50'
 2023-01-18 06:16:04 | GET | MenuOut: id=UUID('62ca83e4-5c27-4651-98d8-9465a71c4d63') title='My menu 1' description='My menu description 1' submenus_count=1 dishes_count=2
 2023-01-18 06:16:04 | GET | SubmenuOut:id=UUID('63df1a80-de7a-4610-9346-f32dc8e44980') title='My submenu 1' description='My submenu description 1' dishes_count=2
 2023-01-18 06:16:04 | DELETE | Submenu 63df1a80-de7a-4610-9346-f32dc8e44980 has successfully deleted from Menu 62ca83e4-5c27-4651-98d8-9465a71c4d63
 2023-01-18 06:16:04 | GET | []
 2023-01-18 06:16:04 | GET | []
 2023-01-18 06:16:04 | GET | MenuOut: id=UUID('62ca83e4-5c27-4651-98d8-9465a71c4d63') title='My menu 1' description='My menu description 1' submenus_count=0 dishes_count=0
 2023-01-18 06:16:04 | DELETE | Menu 62ca83e4-5c27-4651-98d8-9465a71c4d63 has successfully deleted
 2023-01-18 06:16:04 | GET | All menus viewed
